<?xml version="1.0" encoding="UTF-8"?>
<testng-results skipped="0" failed="0" total="1" passed="1">
  <reporter-output>
  </reporter-output>
  <suite name="Default suite" duration-ms="20" started-at="2019-10-15T13:20:54Z" finished-at="2019-10-15T13:20:54Z">
    <groups>
    </groups>
    <test name="Default test" duration-ms="20" started-at="2019-10-15T13:20:54Z" finished-at="2019-10-15T13:20:54Z">
      <class name="TestNG.P2">
        <test-method status="PASS" signature="data()[pri:0, instance:TestNG.P2@4de8b406]" name="data" duration-ms="7" started-at="2019-10-15T18:50:54Z" finished-at="2019-10-15T18:50:54Z">
          <reporter-output>
          </reporter-output>
        </test-method> <!-- data -->
      </class> <!-- TestNG.P2 -->
    </test> <!-- Default test -->
  </suite> <!-- Default suite -->
</testng-results>
